<html>
<head>
<title>TestNG:  Test</title>
<link href="../testng.css" rel="stylesheet" type="text/css" />
<link href="../my-testng.css" rel="stylesheet" type="text/css" />

<style type="text/css">
.log { display: none;} 
.stack-trace { display: none;} 
</style>
<script type="text/javascript">
<!--
function flip(e) {
  current = e.style.display;
  if (current == 'block') {
    e.style.display = 'none';
    return 0;
  }
  else {
    e.style.display = 'block';
    return 1;
  }
}

function toggleBox(szDivId, elem, msg1, msg2)
{
  var res = -1;  if (document.getElementById) {
    res = flip(document.getElementById(szDivId));
  }
  else if (document.all) {
    // this is the way old msie versions work
    res = flip(document.all[szDivId]);
  }
  if(elem) {
    if(res == 0) elem.innerHTML = msg1; else elem.innerHTML = msg2;
  }

}

function toggleAllBoxes() {
  if (document.getElementsByTagName) {
    d = document.getElementsByTagName('div');
    for (i = 0; i < d.length; i++) {
      if (d[i].className == 'log') {
        flip(d[i]);
      }
    }
  }
}

// -->
</script>

</head>
<body>
<h2 align='center'>Test</h2><table border='1' align="center">
<tr>
<td>Tests passed/Failed/Skipped:</td><td>3/1/0</td>
</tr><tr>
<td>Started on:</td><td>Tue Aug 10 14:21:16 IST 2021</td>
</tr>
<tr><td>Total time:</td><td>57 seconds (57977 ms)</td>
</tr><tr>
<td>Included groups:</td><td></td>
</tr><tr>
<td>Excluded groups:</td><td></td>
</tr>
</table><p/>
<small><i>(Hover the method name to see the test class name)</i></small><p/>
<table width='100%' border='1' class='invocation-failed'>
<tr><td colspan='4' align='center'><b>FAILED TESTS</b></td></tr>
<tr><td><b>Test method</b></td>
<td width="30%"><b>Exception</b></td>
<td width="10%"><b>Time (seconds)</b></td>
<td><b>Instance</b></td>
</tr>
<tr>
<td title='runners.RunCuke.runScenario()'><b>runScenario</b><br>Test class: runners.RunCuke<br>Test method: Runs Cucumber Scenarios<br>Parameters: "Validate Used cars page", "Optional[To validate the used cars page is working fine]"</td>
<td><div><pre>java.lang.AssertionError: expected [Used Ford Cobra Under 2000 for Sale NSWTEST | carsguide] but found [Used Ford Cobra Under 2000 for Sale ACT | carsguide]
	at stepDefinitions.searchCarsStep.the_page_title_should_be(searchCarsStep.java:83)
	at ?.the page title should be &quot;Used Ford Cobra Under 2000 for Sale NSWTEST | carsguide&quot;(file:///E:/NaveenAutoMationLabs2/CucumberAutomationFramework/src/test/resources/features/usedCars.feature:17)
... Removed 5 stack frames</pre></div><a href='#' onClick='toggleBox("stack-trace303846650", this, "Click to show all stack frames", "Click to hide stack frames")'>Click to show all stack frames</a>
<div class='stack-trace' id='stack-trace303846650'><pre>java.lang.AssertionError: expected [Used Ford Cobra Under 2000 for Sale NSWTEST | carsguide] but found [Used Ford Cobra Under 2000 for Sale ACT | carsguide]
	at org.testng.Assert.fail(Assert.java:97)
	at org.testng.Assert.assertEqualsImpl(Assert.java:136)
	at org.testng.Assert.assertEquals(Assert.java:118)
	at org.testng.Assert.assertEquals(Assert.java:575)
	at org.testng.Assert.assertEquals(Assert.java:585)
	at stepDefinitions.searchCarsStep.the_page_title_should_be(searchCarsStep.java:83)
	at ?.the page title should be &quot;Used Ford Cobra Under 2000 for Sale NSWTEST | carsguide&quot;(file:///E:/NaveenAutoMationLabs2/CucumberAutomationFramework/src/test/resources/features/usedCars.feature:17)
</pre></div></td>
<td>16</td>
<td>runners.RunCuke@305fd85d</td></tr>
</table><p>
<table width='100%' border='1' class='invocation-passed'>
<tr><td colspan='4' align='center'><b>PASSED TESTS</b></td></tr>
<tr><td><b>Test method</b></td>
<td width="30%"><b>Exception</b></td>
<td width="10%"><b>Time (seconds)</b></td>
<td><b>Instance</b></td>
</tr>
<tr>
<td title='runners.RunCuke.runScenario()'><b>runScenario</b><br>Test class: runners.RunCuke<br>Test method: Runs Cucumber Scenarios<br>Parameters: "Validate search cars page", "Optional[To validate the search cars page is working fine]"</td>
<td></td>
<td>17</td>
<td>runners.RunCuke@305fd85d</td></tr>
<tr>
<td title='runners.RunCuke.runScenario()'><b>runScenario</b><br>Test class: runners.RunCuke<br>Test method: Runs Cucumber Scenarios<br>Parameters: "verify the menu items under Buy and Sell", "Optional[To validate the search cars page is working fine]"</td>
<td></td>
<td>9</td>
<td>runners.RunCuke@305fd85d</td></tr>
<tr>
<td title='runners.RunCuke.runScenario()'><b>runScenario</b><br>Test class: runners.RunCuke<br>Test method: Runs Cucumber Scenarios<br>Parameters: "To  verify top navigation is working", "Optional[TO check avaliable menus on CarsGuide site.]"</td>
<td></td>
<td>10</td>
<td>runners.RunCuke@305fd85d</td></tr>
</table><p>
</body>
</html>