<?xml version="1.0" encoding="UTF-8"?>
<!-- Generated by org.testng.reporters.JUnitXMLReporter -->
<testsuite hostname="LAPTOP-OLPA0MDN" ignored="0" name="Test" tests="4" failures="1" timestamp="2021-08-10T14:22:14 IST" time="57.977" errors="0">
  <testcase name="runScenario" time="17.087" classname="io.cucumber.testng.AbstractTestNGCucumberTests"/>
  <testcase name="runScenario" time="9.977" classname="io.cucumber.testng.AbstractTestNGCucumberTests"/>
  <testcase name="runScenario" time="10.572" classname="io.cucumber.testng.AbstractTestNGCucumberTests"/>
  <testcase name="runScenario" time="16.712" classname="io.cucumber.testng.AbstractTestNGCucumberTests">
    <failure type="java.lang.AssertionError" message="expected [Used Ford Cobra Under 2000 for Sale NSWTEST | carsguide] but found [Used Ford Cobra Under 2000 for Sale ACT | carsguide]">
      <![CDATA[java.lang.AssertionError: expected [Used Ford Cobra Under 2000 for Sale NSWTEST | carsguide] but found [Used Ford Cobra Under 2000 for Sale ACT | carsguide]
at stepDefinitions.searchCarsStep.the_page_title_should_be(searchCarsStep.java:83)
at âœ½.the page title should be "Used Ford Cobra Under 2000 for Sale NSWTEST | carsguide"(file:///E:/NaveenAutoMationLabs2/CucumberAutomationFramework/src/test/resources/features/usedCars.feature:17)
... Removed 5 stack frames]]>
    </failure>
  </testcase> <!-- runScenario -->
</testsuite> <!-- Test -->
