<?xml version="1.0" encoding="UTF-8"?>
<testng-results skipped="0" failed="1" ignored="0" total="4" passed="3">
  <reporter-output>
  </reporter-output>
  <suite name="Suite" duration-ms="57977" started-at="2021-08-10T14:21:16 IST" finished-at="2021-08-10T14:22:13 IST">
    <groups>
      <group name="cucumber">
        <method signature="AbstractTestNGCucumberTests.runScenario(io.cucumber.testng.PickleWrapper, io.cucumber.testng.FeatureWrapper)[pri:0, instance:runners.RunCuke@305fd85d]" name="runScenario" class="io.cucumber.testng.AbstractTestNGCucumberTests"/>
      </group> <!-- cucumber -->
    </groups>
    <test name="Test" duration-ms="57977" started-at="2021-08-10T14:21:16 IST" finished-at="2021-08-10T14:22:13 IST">
      <class name="runners.RunCuke">
        <test-method status="PASS" signature="setUpClass()[pri:0, instance:runners.RunCuke@305fd85d]" name="setUpClass" is-config="true" duration-ms="832" started-at="2021-08-10T14:21:16 IST" finished-at="2021-08-10T14:21:16 IST">
          <reporter-output>
          </reporter-output>
        </test-method> <!-- setUpClass -->
        <test-method status="PASS" signature="runScenario(io.cucumber.testng.PickleWrapper, io.cucumber.testng.FeatureWrapper)[pri:0, instance:runners.RunCuke@305fd85d]" name="runScenario" duration-ms="17087" started-at="2021-08-10T14:21:16 IST" description="Runs Cucumber Scenarios" data-provider="scenarios" finished-at="2021-08-10T14:21:33 IST">
          <params>
            <param index="0">
              <value>
                <![CDATA["Validate search cars page"]]>
              </value>
            </param>
            <param index="1">
              <value>
                <![CDATA["Optional[To validate the search cars page is working fine]"]]>
              </value>
            </param>
          </params>
          <reporter-output>
          </reporter-output>
        </test-method> <!-- runScenario -->
        <test-method status="PASS" signature="runScenario(io.cucumber.testng.PickleWrapper, io.cucumber.testng.FeatureWrapper)[pri:0, instance:runners.RunCuke@305fd85d]" name="runScenario" duration-ms="9977" started-at="2021-08-10T14:21:33 IST" description="Runs Cucumber Scenarios" data-provider="scenarios" finished-at="2021-08-10T14:21:43 IST">
          <params>
            <param index="0">
              <value>
                <![CDATA["verify the menu items under Buy and Sell"]]>
              </value>
            </param>
            <param index="1">
              <value>
                <![CDATA["Optional[To validate the search cars page is working fine]"]]>
              </value>
            </param>
          </params>
          <reporter-output>
          </reporter-output>
        </test-method> <!-- runScenario -->
        <test-method status="PASS" signature="runScenario(io.cucumber.testng.PickleWrapper, io.cucumber.testng.FeatureWrapper)[pri:0, instance:runners.RunCuke@305fd85d]" name="runScenario" duration-ms="10572" started-at="2021-08-10T14:21:43 IST" description="Runs Cucumber Scenarios" data-provider="scenarios" finished-at="2021-08-10T14:21:54 IST">
          <params>
            <param index="0">
              <value>
                <![CDATA["To  verify top navigation is working"]]>
              </value>
            </param>
            <param index="1">
              <value>
                <![CDATA["Optional[TO check avaliable menus on CarsGuide site.]"]]>
              </value>
            </param>
          </params>
          <reporter-output>
          </reporter-output>
        </test-method> <!-- runScenario -->
        <test-method status="FAIL" signature="runScenario(io.cucumber.testng.PickleWrapper, io.cucumber.testng.FeatureWrapper)[pri:0, instance:runners.RunCuke@305fd85d]" name="runScenario" duration-ms="16712" started-at="2021-08-10T14:21:54 IST" description="Runs Cucumber Scenarios" data-provider="scenarios" finished-at="2021-08-10T14:22:11 IST">
          <params>
            <param index="0">
              <value>
                <![CDATA["Validate Used cars page"]]>
              </value>
            </param>
            <param index="1">
              <value>
                <![CDATA["Optional[To validate the used cars page is working fine]"]]>
              </value>
            </param>
          </params>
          <exception class="java.lang.AssertionError">
            <message>
              <![CDATA[expected [Used Ford Cobra Under 2000 for Sale NSWTEST | carsguide] but found [Used Ford Cobra Under 2000 for Sale ACT | carsguide]]]>
            </message>
            <full-stacktrace>
              <![CDATA[java.lang.AssertionError: expected [Used Ford Cobra Under 2000 for Sale NSWTEST | carsguide] but found [Used Ford Cobra Under 2000 for Sale ACT | carsguide]
at org.testng.Assert.fail(Assert.java:97)
at org.testng.Assert.assertEqualsImpl(Assert.java:136)
at org.testng.Assert.assertEquals(Assert.java:118)
at org.testng.Assert.assertEquals(Assert.java:575)
at org.testng.Assert.assertEquals(Assert.java:585)
at stepDefinitions.searchCarsStep.the_page_title_should_be(searchCarsStep.java:83)
at âœ½.the page title should be "Used Ford Cobra Under 2000 for Sale NSWTEST | carsguide"(file:///E:/NaveenAutoMationLabs2/CucumberAutomationFramework/src/test/resources/features/usedCars.feature:17)
]]>
            </full-stacktrace>
          </exception> <!-- java.lang.AssertionError -->
          <reporter-output>
          </reporter-output>
        </test-method> <!-- runScenario -->
        <test-method status="PASS" signature="tearDownClass()[pri:0, instance:runners.RunCuke@305fd85d]" name="tearDownClass" is-config="true" duration-ms="2736" started-at="2021-08-10T14:22:11 IST" finished-at="2021-08-10T14:22:13 IST">
          <reporter-output>
          </reporter-output>
        </test-method> <!-- tearDownClass -->
      </class> <!-- runners.RunCuke -->
    </test> <!-- Test -->
  </suite> <!-- Suite -->
</testng-results>
