<?xml version="1.0" encoding="UTF-8"?>
<!-- Generated by org.testng.reporters.JUnitReportReporter -->
<testsuite skipped="0" hostname="LAPTOP-OLPA0MDN" name="runners.RunCuke" tests="4" failures="1" timestamp="2021-08-10T14:22:14 IST" time="54.348" errors="0">
  <testcase name="runScenario" time="10.572" classname="runners.RunCuke"/>
  <system-out/>
  <testcase name="runScenario" time="9.977" classname="runners.RunCuke"/>
  <system-out/>
  <testcase name="runScenario" time="16.712" classname="runners.RunCuke">
    <failure type="java.lang.AssertionError" message="expected [Used Ford Cobra Under 2000 for Sale NSWTEST | carsguide] but found [Used Ford Cobra Under 2000 for Sale ACT | carsguide]">
      <![CDATA[java.lang.AssertionError: expected [Used Ford Cobra Under 2000 for Sale NSWTEST | carsguide] but found [Used Ford Cobra Under 2000 for Sale ACT | carsguide]
at org.testng.Assert.fail(Assert.java:97)
at org.testng.Assert.assertEqualsImpl(Assert.java:136)
at org.testng.Assert.assertEquals(Assert.java:118)
at org.testng.Assert.assertEquals(Assert.java:575)
at org.testng.Assert.assertEquals(Assert.java:585)
at stepDefinitions.searchCarsStep.the_page_title_should_be(searchCarsStep.java:83)
at âœ½.the page title should be "Used Ford Cobra Under 2000 for Sale NSWTEST | carsguide"(file:///E:/NaveenAutoMationLabs2/CucumberAutomationFramework/src/test/resources/features/usedCars.feature:17)
]]>
    </failure>
  </testcase> <!-- runScenario -->
  <system-out/>
  <testcase name="runScenario" time="17.087" classname="runners.RunCuke"/>
  <system-out/>
</testsuite> <!-- runners.RunCuke -->
